<?xml version="1.0"?><coverage lines-covered="2" lines-valid="2" line-rate="1" branches-covered="0" branches-valid="0" branch-rate="0" complexity="0" version="1.9" timestamp="1702223393"><sources><source>/home/mahmoud/Desktop/Rust Book/rust-lang-book/chapter_11/1-basic-test-function</source></sources><packages><package name="src" line-rate="1" branch-rate="0" complexity="0"><classes><class name="main" filename="src/main.rs" line-rate="1" branch-rate="0" complexity="0"><methods/><lines><line number="11" hits="1"/><line number="12" hits="1"/></lines></class></classes></package></packages></coverage>